2021-07-09 18:30:57,641:INFO:PyCaret Supervised Module
2021-07-09 18:30:57,649:INFO:ML Usecase: classification
2021-07-09 18:30:57,649:INFO:version 2.3.2
2021-07-09 18:30:57,649:INFO:Initializing setup()
2021-07-09 18:30:57,649:INFO:setup(target=Churn, ml_usecase=classification, available_plots={'parameter': 'Hyperparameters', 'auc': 'AUC', 'confusion_matrix': 'Confusion Matrix', 'threshold': 'Threshold', 'pr': 'Precision Recall', 'error': 'Prediction Error', 'class_report': 'Class Report', 'rfe': 'Feature Selection', 'learning': 'Learning Curve', 'manifold': 'Manifold Learning', 'calibration': 'Calibration Curve', 'vc': 'Validation Curve', 'dimension': 'Dimensions', 'feature': 'Feature Importance', 'feature_all': 'Feature Importance (All)', 'boundary': 'Decision Boundary', 'lift': 'Lift Chart', 'gain': 'Gain Chart', 'tree': 'Decision Tree', 'ks': 'KS Statistic Plot'}, train_size=0.7, test_data=None, preprocess=True, imputation_type=simple, iterative_imputation_iters=5, categorical_features=None, categorical_imputation=constant, categorical_iterative_imputer=lightgbm, ordinal_features=None, high_cardinality_features=None, high_cardinality_method=frequency, numeric_features=None, numeric_imputation=mean, numeric_iterative_imputer=lightgbm, date_features=None, ignore_features=['customerID'], normalize=False, normalize_method=zscore, transformation=False, transformation_method=yeo-johnson, handle_unknown_categorical=True, unknown_categorical_method=least_frequent, pca=False, pca_method=linear, pca_components=None, ignore_low_variance=False, combine_rare_levels=False, rare_level_threshold=0.1, bin_numeric_features=None, remove_outliers=False, outliers_threshold=0.05, remove_multicollinearity=False, multicollinearity_threshold=0.9, remove_perfect_collinearity=True, create_clusters=False, cluster_iter=20, polynomial_features=False, polynomial_degree=2, trigonometry_features=False, polynomial_threshold=0.1, group_features=None, group_names=None, feature_selection=False, feature_selection_threshold=0.8, feature_selection_method=classic, feature_interaction=False, feature_ratio=False, interaction_threshold=0.01, fix_imbalance=False, fix_imbalance_method=None, transform_target=False, transform_target_method=box-cox, data_split_shuffle=True, data_split_stratify=False, fold_strategy=stratifiedkfold, fold=10, fold_shuffle=False, fold_groups=None, n_jobs=-1, use_gpu=False, custom_pipeline=None, html=True, session_id=None, log_experiment=False, experiment_name=None, log_plots=False, log_profile=False, log_data=False, silent=False, verbose=True, profile=False, profile_kwargs=None, display=None)
2021-07-09 18:30:57,649:INFO:Checking environment
2021-07-09 18:30:57,649:INFO:python_version: 3.8.8
2021-07-09 18:30:57,649:INFO:python_build: ('default', 'Apr 13 2021 15:08:03')
2021-07-09 18:30:57,649:INFO:machine: AMD64
2021-07-09 18:30:57,649:INFO:platform: Windows-10-10.0.19041-SP0
2021-07-09 18:30:57,649:INFO:Memory: svmem(total=17062957056, available=9316577280, percent=45.4, used=7746379776, free=9316577280)
2021-07-09 18:30:57,649:INFO:Physical Core: 2
2021-07-09 18:30:57,649:INFO:Logical Core: 4
2021-07-09 18:30:57,649:INFO:Checking libraries
2021-07-09 18:30:57,649:INFO:pd==1.2.4
2021-07-09 18:30:57,649:INFO:numpy==1.19.5
2021-07-09 18:30:57,649:INFO:sklearn==0.23.2
2021-07-09 18:30:57,649:INFO:lightgbm==3.2.1
2021-07-09 18:30:57,649:WARNING:catboost not found
2021-07-09 18:30:57,649:WARNING:xgboost not found
2021-07-09 18:30:58,882:INFO:mlflow==1.18.0
2021-07-09 18:30:58,882:INFO:Checking Exceptions
2021-07-09 18:30:58,882:INFO:Declaring global variables
2021-07-09 18:30:58,882:INFO:USI: 1b7a
2021-07-09 18:30:58,882:INFO:pycaret_globals: {'transform_target_param', 'logging_param', '_all_models', 'log_plots_param', '_gpu_n_jobs_param', 'imputation_classifier', 'master_model_container', 'pycaret_globals', '_ml_usecase', 'y_test', 'X', 'fold_groups_param_full', 'X_test', 'fold_generator', 'display_container', 'exp_name_log', 'fold_shuffle_param', 'seed', 'y', '_all_models_internal', 'create_model_container', 'data_before_preprocess', 'fix_imbalance_method_param', '_internal_pipeline', 'iterative_imputation_iters_param', 'fold_param', 'fix_imbalance_param', 'y_train', 'experiment__', 'transform_target_method_param', 'target_param', 'html_param', 'n_jobs_param', 'USI', '_all_metrics', 'prep_pipe', '_available_plots', 'gpu_param', 'stratify_param', 'X_train', 'imputation_regressor', 'fold_groups_param'}
2021-07-09 18:30:58,882:INFO:Preparing display monitor
2021-07-09 18:30:58,882:INFO:Preparing display monitor
2021-07-09 18:30:58,904:INFO:Importing libraries
2021-07-09 18:30:58,904:INFO:Copying data for preprocessing
2021-07-09 18:30:58,933:INFO:Declaring preprocessing parameters
2021-07-09 18:30:58,949:INFO:Creating preprocessing pipeline
2021-07-09 18:30:59,024:INFO:Preprocessing pipeline created successfully
2021-07-09 18:30:59,024:ERROR:(Process Exit): setup has been interupted with user command 'quit'. setup must rerun.
2021-07-09 18:30:59,024:INFO:Creating global containers
2021-07-09 18:30:59,030:INFO:Internal pipeline: Pipeline(memory=None, steps=[('empty_step', 'passthrough')], verbose=False)
2021-07-09 18:32:48,398:WARNING:Couldn't import xgboost.XGBClassifier
2021-07-09 18:32:48,398:WARNING:Couldn't import catboost.CatBoostClassifier
2021-07-09 18:32:48,542:WARNING:Couldn't import xgboost.XGBClassifier
2021-07-09 18:32:48,542:WARNING:Couldn't import catboost.CatBoostClassifier
2021-07-09 18:32:48,542:INFO:Creating grid variables
2021-07-09 18:32:48,598:INFO:create_model_container: 0
2021-07-09 18:32:48,598:INFO:master_model_container: 0
2021-07-09 18:32:48,598:INFO:display_container: 1
2021-07-09 18:32:48,614:INFO:Pipeline(memory=None,
         steps=[('dtypes',
                 DataTypes_Auto_infer(categorical_features=[],
                                      display_types=True,
                                      features_todrop=['customerID'],
                                      id_columns=[],
                                      ml_usecase='classification',
                                      numerical_features=[], target='Churn',
                                      time_features=[])),
                ('imputer',
                 Simple_Imputer(categorical_strategy='not_available',
                                fill_value_categorical=None,
                                fill_value_numerical=None,
                                nu...
                ('scaling', 'passthrough'), ('P_transform', 'passthrough'),
                ('binn', 'passthrough'), ('rem_outliers', 'passthrough'),
                ('cluster_all', 'passthrough'),
                ('dummy', Dummify(target='Churn')),
                ('fix_perfect', Remove_100(target='Churn')),
                ('clean_names', Clean_Colum_Names()),
                ('feature_select', 'passthrough'), ('fix_multi', 'passthrough'),
                ('dfs', 'passthrough'), ('pca', 'passthrough')],
         verbose=False)
2021-07-09 18:32:48,614:INFO:setup() succesfully completed......................................
2021-07-09 18:35:34,019:INFO:Initializing compare_models()
2021-07-09 18:35:34,019:INFO:compare_models(include=None, fold=None, round=4, cross_validation=True, sort=AUC, n_select=1, budget_time=None, turbo=True, errors=ignore, fit_kwargs=None, groups=None, verbose=True, display=None, exclude=None)
2021-07-09 18:35:34,019:INFO:Checking exceptions
2021-07-09 18:35:34,019:INFO:Preparing display monitor
2021-07-09 18:35:34,019:INFO:Preparing display monitor
2021-07-09 18:35:34,091:INFO:Initializing Logistic Regression
2021-07-09 18:35:34,091:INFO:Total runtime is 0.0 minutes
2021-07-09 18:35:34,123:INFO:SubProcess create_model() called ==================================
2021-07-09 18:35:34,123:INFO:Initializing create_model()
2021-07-09 18:35:34,123:INFO:create_model(estimator=lr, fold=StratifiedKFold(n_splits=10, random_state=None, shuffle=False), round=4, cross_validation=True, predict=True, fit_kwargs={}, groups=None, refit=False, verbose=False, system=False, metrics=None, display=<pycaret.internal.Display.Display object at 0x000001F67F1E4310>, kwargs={})
2021-07-09 18:35:34,123:INFO:Checking exceptions
2021-07-09 18:35:34,123:INFO:Importing libraries
2021-07-09 18:35:34,123:INFO:Copying training dataset
2021-07-09 18:35:34,131:INFO:Defining folds
2021-07-09 18:35:34,131:INFO:Declaring metric variables
2021-07-09 18:35:34,147:INFO:Importing untrained model
2021-07-09 18:35:34,171:INFO:Logistic Regression Imported succesfully
2021-07-09 18:35:34,233:INFO:Starting cross validation
2021-07-09 18:35:34,233:INFO:Cross validating with StratifiedKFold(n_splits=10, random_state=None, shuffle=False), n_jobs=-1
2021-07-09 18:35:42,356:INFO:Calculating mean and std
2021-07-09 18:35:42,364:INFO:Creating metrics dataframe
2021-07-09 18:35:42,364:INFO:Uploading results into container
2021-07-09 18:35:42,364:INFO:Uploading model into container now
2021-07-09 18:35:42,364:INFO:create_model_container: 1
2021-07-09 18:35:42,364:INFO:master_model_container: 1
2021-07-09 18:35:42,364:INFO:display_container: 2
2021-07-09 18:35:42,364:INFO:LogisticRegression(C=1.0, class_weight=None, dual=False, fit_intercept=True,
                   intercept_scaling=1, l1_ratio=None, max_iter=1000,
                   multi_class='auto', n_jobs=None, penalty='l2',
                   random_state=2714, solver='lbfgs', tol=0.0001, verbose=0,
                   warm_start=False)
2021-07-09 18:35:42,364:INFO:create_model() succesfully completed......................................
2021-07-09 18:35:42,462:INFO:SubProcess create_model() end ==================================
2021-07-09 18:35:42,462:INFO:Creating metrics dataframe
2021-07-09 18:35:42,490:INFO:Initializing K Neighbors Classifier
2021-07-09 18:35:42,490:INFO:Total runtime is 0.1399898330370585 minutes
2021-07-09 18:35:42,501:INFO:SubProcess create_model() called ==================================
2021-07-09 18:35:42,509:INFO:Initializing create_model()
2021-07-09 18:35:42,509:INFO:create_model(estimator=knn, fold=StratifiedKFold(n_splits=10, random_state=None, shuffle=False), round=4, cross_validation=True, predict=True, fit_kwargs={}, groups=None, refit=False, verbose=False, system=False, metrics=None, display=<pycaret.internal.Display.Display object at 0x000001F67F1E4310>, kwargs={})
2021-07-09 18:35:42,509:INFO:Checking exceptions
2021-07-09 18:35:42,509:INFO:Importing libraries
2021-07-09 18:35:42,509:INFO:Copying training dataset
2021-07-09 18:35:42,509:INFO:Defining folds
2021-07-09 18:35:42,509:INFO:Declaring metric variables
2021-07-09 18:35:42,525:INFO:Importing untrained model
2021-07-09 18:35:42,549:INFO:K Neighbors Classifier Imported succesfully
2021-07-09 18:35:42,589:INFO:Starting cross validation
2021-07-09 18:35:42,589:INFO:Cross validating with StratifiedKFold(n_splits=10, random_state=None, shuffle=False), n_jobs=-1
2021-07-09 18:35:43,167:INFO:Calculating mean and std
2021-07-09 18:35:43,167:INFO:Creating metrics dataframe
2021-07-09 18:35:43,183:INFO:Uploading results into container
2021-07-09 18:35:43,183:INFO:Uploading model into container now
2021-07-09 18:35:43,183:INFO:create_model_container: 2
2021-07-09 18:35:43,183:INFO:master_model_container: 2
2021-07-09 18:35:43,183:INFO:display_container: 2
2021-07-09 18:35:43,191:INFO:KNeighborsClassifier(algorithm='auto', leaf_size=30, metric='minkowski',
                     metric_params=None, n_jobs=-1, n_neighbors=5, p=2,
                     weights='uniform')
2021-07-09 18:35:43,191:INFO:create_model() succesfully completed......................................
2021-07-09 18:35:43,314:INFO:SubProcess create_model() end ==================================
2021-07-09 18:35:43,314:INFO:Creating metrics dataframe
2021-07-09 18:35:43,330:INFO:Initializing Naive Bayes
2021-07-09 18:35:43,330:INFO:Total runtime is 0.1539898951848348 minutes
2021-07-09 18:35:43,354:INFO:SubProcess create_model() called ==================================
2021-07-09 18:35:43,354:INFO:Initializing create_model()
2021-07-09 18:35:43,354:INFO:create_model(estimator=nb, fold=StratifiedKFold(n_splits=10, random_state=None, shuffle=False), round=4, cross_validation=True, predict=True, fit_kwargs={}, groups=None, refit=False, verbose=False, system=False, metrics=None, display=<pycaret.internal.Display.Display object at 0x000001F67F1E4310>, kwargs={})
2021-07-09 18:35:43,354:INFO:Checking exceptions
2021-07-09 18:35:43,354:INFO:Importing libraries
2021-07-09 18:35:43,354:INFO:Copying training dataset
2021-07-09 18:35:43,354:INFO:Defining folds
2021-07-09 18:35:43,354:INFO:Declaring metric variables
2021-07-09 18:35:43,378:INFO:Importing untrained model
2021-07-09 18:35:43,402:INFO:Naive Bayes Imported succesfully
2021-07-09 18:35:43,442:INFO:Starting cross validation
2021-07-09 18:35:43,442:INFO:Cross validating with StratifiedKFold(n_splits=10, random_state=None, shuffle=False), n_jobs=-1
2021-07-09 18:35:43,600:INFO:Calculating mean and std
2021-07-09 18:35:43,600:INFO:Creating metrics dataframe
2021-07-09 18:35:43,608:INFO:Uploading results into container
2021-07-09 18:35:43,608:INFO:Uploading model into container now
2021-07-09 18:35:43,608:INFO:create_model_container: 3
2021-07-09 18:35:43,608:INFO:master_model_container: 3
2021-07-09 18:35:43,608:INFO:display_container: 2
2021-07-09 18:35:43,608:INFO:GaussianNB(priors=None, var_smoothing=1e-09)
2021-07-09 18:35:43,608:INFO:create_model() succesfully completed......................................
2021-07-09 18:35:43,706:INFO:SubProcess create_model() end ==================================
2021-07-09 18:35:43,706:INFO:Creating metrics dataframe
2021-07-09 18:35:43,734:INFO:Initializing Decision Tree Classifier
2021-07-09 18:35:43,734:INFO:Total runtime is 0.1607213536898295 minutes
2021-07-09 18:35:43,758:INFO:SubProcess create_model() called ==================================
2021-07-09 18:35:43,758:INFO:Initializing create_model()
2021-07-09 18:35:43,758:INFO:create_model(estimator=dt, fold=StratifiedKFold(n_splits=10, random_state=None, shuffle=False), round=4, cross_validation=True, predict=True, fit_kwargs={}, groups=None, refit=False, verbose=False, system=False, metrics=None, display=<pycaret.internal.Display.Display object at 0x000001F67F1E4310>, kwargs={})
2021-07-09 18:35:43,758:INFO:Checking exceptions
2021-07-09 18:35:43,758:INFO:Importing libraries
2021-07-09 18:35:43,758:INFO:Copying training dataset
2021-07-09 18:35:43,766:INFO:Defining folds
2021-07-09 18:35:43,766:INFO:Declaring metric variables
2021-07-09 18:35:43,790:INFO:Importing untrained model
2021-07-09 18:35:43,806:INFO:Decision Tree Classifier Imported succesfully
2021-07-09 18:35:43,846:INFO:Starting cross validation
2021-07-09 18:35:43,854:INFO:Cross validating with StratifiedKFold(n_splits=10, random_state=None, shuffle=False), n_jobs=-1
2021-07-09 18:35:44,078:INFO:Calculating mean and std
2021-07-09 18:35:44,078:INFO:Creating metrics dataframe
2021-07-09 18:35:44,086:INFO:Uploading results into container
2021-07-09 18:35:44,086:INFO:Uploading model into container now
2021-07-09 18:35:44,086:INFO:create_model_container: 4
2021-07-09 18:35:44,086:INFO:master_model_container: 4
2021-07-09 18:35:44,086:INFO:display_container: 2
2021-07-09 18:35:44,086:INFO:DecisionTreeClassifier(ccp_alpha=0.0, class_weight=None, criterion='gini',
                       max_depth=None, max_features=None, max_leaf_nodes=None,
                       min_impurity_decrease=0.0, min_impurity_split=None,
                       min_samples_leaf=1, min_samples_split=2,
                       min_weight_fraction_leaf=0.0, presort='deprecated',
                       random_state=2714, splitter='best')
2021-07-09 18:35:44,086:INFO:create_model() succesfully completed......................................
2021-07-09 18:35:44,186:INFO:SubProcess create_model() end ==================================
2021-07-09 18:35:44,186:INFO:Creating metrics dataframe
2021-07-09 18:35:44,218:INFO:Initializing SVM - Linear Kernel
2021-07-09 18:35:44,218:INFO:Total runtime is 0.16879420677820842 minutes
2021-07-09 18:35:44,230:INFO:SubProcess create_model() called ==================================
2021-07-09 18:35:44,238:INFO:Initializing create_model()
2021-07-09 18:35:44,238:INFO:create_model(estimator=svm, fold=StratifiedKFold(n_splits=10, random_state=None, shuffle=False), round=4, cross_validation=True, predict=True, fit_kwargs={}, groups=None, refit=False, verbose=False, system=False, metrics=None, display=<pycaret.internal.Display.Display object at 0x000001F67F1E4310>, kwargs={})
2021-07-09 18:35:44,238:INFO:Checking exceptions
2021-07-09 18:35:44,238:INFO:Importing libraries
2021-07-09 18:35:44,238:INFO:Copying training dataset
2021-07-09 18:35:44,246:INFO:Defining folds
2021-07-09 18:35:44,246:INFO:Declaring metric variables
2021-07-09 18:35:44,262:INFO:Importing untrained model
2021-07-09 18:35:44,278:INFO:SVM - Linear Kernel Imported succesfully
2021-07-09 18:35:44,334:INFO:Starting cross validation
2021-07-09 18:35:44,334:INFO:Cross validating with StratifiedKFold(n_splits=10, random_state=None, shuffle=False), n_jobs=-1
2021-07-09 18:35:44,769:INFO:Calculating mean and std
2021-07-09 18:35:44,769:INFO:Creating metrics dataframe
2021-07-09 18:35:44,769:INFO:Uploading results into container
2021-07-09 18:35:44,769:INFO:Uploading model into container now
2021-07-09 18:35:44,769:INFO:create_model_container: 5
2021-07-09 18:35:44,769:INFO:master_model_container: 5
2021-07-09 18:35:44,769:INFO:display_container: 2
2021-07-09 18:35:44,769:INFO:SGDClassifier(alpha=0.0001, average=False, class_weight=None,
              early_stopping=False, epsilon=0.1, eta0=0.001, fit_intercept=True,
              l1_ratio=0.15, learning_rate='optimal', loss='hinge',
              max_iter=1000, n_iter_no_change=5, n_jobs=-1, penalty='l2',
              power_t=0.5, random_state=2714, shuffle=True, tol=0.001,
              validation_fraction=0.1, verbose=0, warm_start=False)
2021-07-09 18:35:44,769:INFO:create_model() succesfully completed......................................
2021-07-09 18:35:44,871:INFO:SubProcess create_model() end ==================================
2021-07-09 18:35:44,871:INFO:Creating metrics dataframe
2021-07-09 18:35:44,902:INFO:Initializing Ridge Classifier
2021-07-09 18:35:44,902:INFO:Total runtime is 0.18018850088119506 minutes
2021-07-09 18:35:44,916:INFO:SubProcess create_model() called ==================================
2021-07-09 18:35:44,924:INFO:Initializing create_model()
2021-07-09 18:35:44,924:INFO:create_model(estimator=ridge, fold=StratifiedKFold(n_splits=10, random_state=None, shuffle=False), round=4, cross_validation=True, predict=True, fit_kwargs={}, groups=None, refit=False, verbose=False, system=False, metrics=None, display=<pycaret.internal.Display.Display object at 0x000001F67F1E4310>, kwargs={})
2021-07-09 18:35:44,924:INFO:Checking exceptions
2021-07-09 18:35:44,924:INFO:Importing libraries
2021-07-09 18:35:44,924:INFO:Copying training dataset
2021-07-09 18:35:44,924:INFO:Defining folds
2021-07-09 18:35:44,924:INFO:Declaring metric variables
2021-07-09 18:35:44,956:INFO:Importing untrained model
2021-07-09 18:35:44,972:INFO:Ridge Classifier Imported succesfully
2021-07-09 18:35:45,012:INFO:Starting cross validation
2021-07-09 18:35:45,012:INFO:Cross validating with StratifiedKFold(n_splits=10, random_state=None, shuffle=False), n_jobs=-1
2021-07-09 18:35:45,154:INFO:Calculating mean and std
2021-07-09 18:35:45,154:INFO:Creating metrics dataframe
2021-07-09 18:35:45,160:INFO:Uploading results into container
2021-07-09 18:35:45,160:INFO:Uploading model into container now
2021-07-09 18:35:45,160:INFO:create_model_container: 6
2021-07-09 18:35:45,160:INFO:master_model_container: 6
2021-07-09 18:35:45,160:INFO:display_container: 2
2021-07-09 18:35:45,160:INFO:RidgeClassifier(alpha=1.0, class_weight=None, copy_X=True, fit_intercept=True,
                max_iter=None, normalize=False, random_state=2714,
                solver='auto', tol=0.001)
2021-07-09 18:35:45,160:INFO:create_model() succesfully completed......................................
2021-07-09 18:35:45,254:INFO:SubProcess create_model() end ==================================
2021-07-09 18:35:45,254:INFO:Creating metrics dataframe
2021-07-09 18:35:45,286:INFO:Initializing Random Forest Classifier
2021-07-09 18:35:45,286:INFO:Total runtime is 0.18659013907114663 minutes
2021-07-09 18:35:45,298:INFO:SubProcess create_model() called ==================================
2021-07-09 18:35:45,298:INFO:Initializing create_model()
2021-07-09 18:35:45,298:INFO:create_model(estimator=rf, fold=StratifiedKFold(n_splits=10, random_state=None, shuffle=False), round=4, cross_validation=True, predict=True, fit_kwargs={}, groups=None, refit=False, verbose=False, system=False, metrics=None, display=<pycaret.internal.Display.Display object at 0x000001F67F1E4310>, kwargs={})
2021-07-09 18:35:45,298:INFO:Checking exceptions
2021-07-09 18:35:45,298:INFO:Importing libraries
2021-07-09 18:35:45,298:INFO:Copying training dataset
2021-07-09 18:35:45,306:INFO:Defining folds
2021-07-09 18:35:45,306:INFO:Declaring metric variables
2021-07-09 18:35:45,330:INFO:Importing untrained model
2021-07-09 18:35:45,354:INFO:Random Forest Classifier Imported succesfully
2021-07-09 18:35:45,386:INFO:Starting cross validation
2021-07-09 18:35:45,394:INFO:Cross validating with StratifiedKFold(n_splits=10, random_state=None, shuffle=False), n_jobs=-1
2021-07-09 18:35:48,941:INFO:Calculating mean and std
2021-07-09 18:35:48,941:INFO:Creating metrics dataframe
2021-07-09 18:35:48,949:INFO:Uploading results into container
2021-07-09 18:35:48,949:INFO:Uploading model into container now
2021-07-09 18:35:48,949:INFO:create_model_container: 7
2021-07-09 18:35:48,949:INFO:master_model_container: 7
2021-07-09 18:35:48,949:INFO:display_container: 2
2021-07-09 18:35:48,949:INFO:RandomForestClassifier(bootstrap=True, ccp_alpha=0.0, class_weight=None,
                       criterion='gini', max_depth=None, max_features='auto',
                       max_leaf_nodes=None, max_samples=None,
                       min_impurity_decrease=0.0, min_impurity_split=None,
                       min_samples_leaf=1, min_samples_split=2,
                       min_weight_fraction_leaf=0.0, n_estimators=100,
                       n_jobs=-1, oob_score=False, random_state=2714, verbose=0,
                       warm_start=False)
2021-07-09 18:35:48,949:INFO:create_model() succesfully completed......................................
2021-07-09 18:35:49,065:INFO:SubProcess create_model() end ==================================
2021-07-09 18:35:49,065:INFO:Creating metrics dataframe
2021-07-09 18:35:49,096:INFO:Initializing Quadratic Discriminant Analysis
2021-07-09 18:35:49,096:INFO:Total runtime is 0.2500875949859619 minutes
2021-07-09 18:35:49,110:INFO:SubProcess create_model() called ==================================
2021-07-09 18:35:49,110:INFO:Initializing create_model()
2021-07-09 18:35:49,110:INFO:create_model(estimator=qda, fold=StratifiedKFold(n_splits=10, random_state=None, shuffle=False), round=4, cross_validation=True, predict=True, fit_kwargs={}, groups=None, refit=False, verbose=False, system=False, metrics=None, display=<pycaret.internal.Display.Display object at 0x000001F67F1E4310>, kwargs={})
2021-07-09 18:35:49,110:INFO:Checking exceptions
2021-07-09 18:35:49,110:INFO:Importing libraries
2021-07-09 18:35:49,110:INFO:Copying training dataset
2021-07-09 18:35:49,110:INFO:Defining folds
2021-07-09 18:35:49,110:INFO:Declaring metric variables
2021-07-09 18:35:49,143:INFO:Importing untrained model
2021-07-09 18:35:49,159:INFO:Quadratic Discriminant Analysis Imported succesfully
2021-07-09 18:35:49,199:INFO:Starting cross validation
2021-07-09 18:35:49,199:INFO:Cross validating with StratifiedKFold(n_splits=10, random_state=None, shuffle=False), n_jobs=-1
2021-07-09 18:35:49,397:INFO:Calculating mean and std
2021-07-09 18:35:49,397:INFO:Creating metrics dataframe
2021-07-09 18:35:49,408:INFO:Uploading results into container
2021-07-09 18:35:49,408:INFO:Uploading model into container now
2021-07-09 18:35:49,408:INFO:create_model_container: 8
2021-07-09 18:35:49,408:INFO:master_model_container: 8
2021-07-09 18:35:49,408:INFO:display_container: 2
2021-07-09 18:35:49,408:INFO:QuadraticDiscriminantAnalysis(priors=None, reg_param=0.0,
                              store_covariance=False, tol=0.0001)
2021-07-09 18:35:49,408:INFO:create_model() succesfully completed......................................
2021-07-09 18:35:49,502:INFO:SubProcess create_model() end ==================================
2021-07-09 18:35:49,502:INFO:Creating metrics dataframe
2021-07-09 18:35:49,531:INFO:Initializing Ada Boost Classifier
2021-07-09 18:35:49,531:INFO:Total runtime is 0.2573472380638122 minutes
2021-07-09 18:35:49,554:INFO:SubProcess create_model() called ==================================
2021-07-09 18:35:49,554:INFO:Initializing create_model()
2021-07-09 18:35:49,554:INFO:create_model(estimator=ada, fold=StratifiedKFold(n_splits=10, random_state=None, shuffle=False), round=4, cross_validation=True, predict=True, fit_kwargs={}, groups=None, refit=False, verbose=False, system=False, metrics=None, display=<pycaret.internal.Display.Display object at 0x000001F67F1E4310>, kwargs={})
2021-07-09 18:35:49,554:INFO:Checking exceptions
2021-07-09 18:35:49,554:INFO:Importing libraries
2021-07-09 18:35:49,554:INFO:Copying training dataset
2021-07-09 18:35:49,554:INFO:Defining folds
2021-07-09 18:35:49,554:INFO:Declaring metric variables
2021-07-09 18:35:49,578:INFO:Importing untrained model
2021-07-09 18:35:49,594:INFO:Ada Boost Classifier Imported succesfully
2021-07-09 18:35:49,634:INFO:Starting cross validation
2021-07-09 18:35:49,634:INFO:Cross validating with StratifiedKFold(n_splits=10, random_state=None, shuffle=False), n_jobs=-1
2021-07-09 18:35:51,106:INFO:Calculating mean and std
2021-07-09 18:35:51,106:INFO:Creating metrics dataframe
2021-07-09 18:35:51,106:INFO:Uploading results into container
2021-07-09 18:35:51,106:INFO:Uploading model into container now
2021-07-09 18:35:51,106:INFO:create_model_container: 9
2021-07-09 18:35:51,106:INFO:master_model_container: 9
2021-07-09 18:35:51,114:INFO:display_container: 2
2021-07-09 18:35:51,114:INFO:AdaBoostClassifier(algorithm='SAMME.R', base_estimator=None, learning_rate=1.0,
                   n_estimators=50, random_state=2714)
2021-07-09 18:35:51,114:INFO:create_model() succesfully completed......................................
2021-07-09 18:35:51,232:INFO:SubProcess create_model() end ==================================
2021-07-09 18:35:51,232:INFO:Creating metrics dataframe
2021-07-09 18:35:51,263:INFO:Initializing Gradient Boosting Classifier
2021-07-09 18:35:51,263:INFO:Total runtime is 0.2862098336219787 minutes
2021-07-09 18:35:51,285:INFO:SubProcess create_model() called ==================================
2021-07-09 18:35:51,285:INFO:Initializing create_model()
2021-07-09 18:35:51,285:INFO:create_model(estimator=gbc, fold=StratifiedKFold(n_splits=10, random_state=None, shuffle=False), round=4, cross_validation=True, predict=True, fit_kwargs={}, groups=None, refit=False, verbose=False, system=False, metrics=None, display=<pycaret.internal.Display.Display object at 0x000001F67F1E4310>, kwargs={})
2021-07-09 18:35:51,285:INFO:Checking exceptions
2021-07-09 18:35:51,285:INFO:Importing libraries
2021-07-09 18:35:51,285:INFO:Copying training dataset
2021-07-09 18:35:51,285:INFO:Defining folds
2021-07-09 18:35:51,285:INFO:Declaring metric variables
2021-07-09 18:35:51,309:INFO:Importing untrained model
2021-07-09 18:35:51,333:INFO:Gradient Boosting Classifier Imported succesfully
2021-07-09 18:35:51,365:INFO:Starting cross validation
2021-07-09 18:35:51,373:INFO:Cross validating with StratifiedKFold(n_splits=10, random_state=None, shuffle=False), n_jobs=-1
2021-07-09 18:35:55,167:INFO:Calculating mean and std
2021-07-09 18:35:55,167:INFO:Creating metrics dataframe
2021-07-09 18:35:55,167:INFO:Uploading results into container
2021-07-09 18:35:55,167:INFO:Uploading model into container now
2021-07-09 18:35:55,167:INFO:create_model_container: 10
2021-07-09 18:35:55,167:INFO:master_model_container: 10
2021-07-09 18:35:55,167:INFO:display_container: 2
2021-07-09 18:35:55,176:INFO:GradientBoostingClassifier(ccp_alpha=0.0, criterion='friedman_mse', init=None,
                           learning_rate=0.1, loss='deviance', max_depth=3,
                           max_features=None, max_leaf_nodes=None,
                           min_impurity_decrease=0.0, min_impurity_split=None,
                           min_samples_leaf=1, min_samples_split=2,
                           min_weight_fraction_leaf=0.0, n_estimators=100,
                           n_iter_no_change=None, presort='deprecated',
                           random_state=2714, subsample=1.0, tol=0.0001,
                           validation_fraction=0.1, verbose=0,
                           warm_start=False)
2021-07-09 18:35:55,177:INFO:create_model() succesfully completed......................................
2021-07-09 18:35:55,293:INFO:SubProcess create_model() end ==================================
2021-07-09 18:35:55,293:INFO:Creating metrics dataframe
2021-07-09 18:35:55,332:INFO:Initializing Linear Discriminant Analysis
2021-07-09 18:35:55,332:INFO:Total runtime is 0.3540273070335388 minutes
2021-07-09 18:35:55,348:INFO:SubProcess create_model() called ==================================
2021-07-09 18:35:55,349:INFO:Initializing create_model()
2021-07-09 18:35:55,349:INFO:create_model(estimator=lda, fold=StratifiedKFold(n_splits=10, random_state=None, shuffle=False), round=4, cross_validation=True, predict=True, fit_kwargs={}, groups=None, refit=False, verbose=False, system=False, metrics=None, display=<pycaret.internal.Display.Display object at 0x000001F67F1E4310>, kwargs={})
2021-07-09 18:35:55,349:INFO:Checking exceptions
2021-07-09 18:35:55,349:INFO:Importing libraries
2021-07-09 18:35:55,349:INFO:Copying training dataset
2021-07-09 18:35:55,349:INFO:Defining folds
2021-07-09 18:35:55,349:INFO:Declaring metric variables
2021-07-09 18:35:55,365:INFO:Importing untrained model
2021-07-09 18:35:55,381:INFO:Linear Discriminant Analysis Imported succesfully
2021-07-09 18:35:55,429:INFO:Starting cross validation
2021-07-09 18:35:55,429:INFO:Cross validating with StratifiedKFold(n_splits=10, random_state=None, shuffle=False), n_jobs=-1
2021-07-09 18:35:55,693:INFO:Calculating mean and std
2021-07-09 18:35:55,693:INFO:Creating metrics dataframe
2021-07-09 18:35:55,701:INFO:Uploading results into container
2021-07-09 18:35:55,701:INFO:Uploading model into container now
2021-07-09 18:35:55,701:INFO:create_model_container: 11
2021-07-09 18:35:55,701:INFO:master_model_container: 11
2021-07-09 18:35:55,701:INFO:display_container: 2
2021-07-09 18:35:55,701:INFO:LinearDiscriminantAnalysis(n_components=None, priors=None, shrinkage=None,
                           solver='svd', store_covariance=False, tol=0.0001)
2021-07-09 18:35:55,701:INFO:create_model() succesfully completed......................................
2021-07-09 18:35:55,799:INFO:SubProcess create_model() end ==================================
2021-07-09 18:35:55,799:INFO:Creating metrics dataframe
2021-07-09 18:35:55,827:INFO:Initializing Extra Trees Classifier
2021-07-09 18:35:55,827:INFO:Total runtime is 0.36228089332580565 minutes
2021-07-09 18:35:55,843:INFO:SubProcess create_model() called ==================================
2021-07-09 18:35:55,843:INFO:Initializing create_model()
2021-07-09 18:35:55,843:INFO:create_model(estimator=et, fold=StratifiedKFold(n_splits=10, random_state=None, shuffle=False), round=4, cross_validation=True, predict=True, fit_kwargs={}, groups=None, refit=False, verbose=False, system=False, metrics=None, display=<pycaret.internal.Display.Display object at 0x000001F67F1E4310>, kwargs={})
2021-07-09 18:35:55,843:INFO:Checking exceptions
2021-07-09 18:35:55,843:INFO:Importing libraries
2021-07-09 18:35:55,843:INFO:Copying training dataset
2021-07-09 18:35:55,851:INFO:Defining folds
2021-07-09 18:35:55,851:INFO:Declaring metric variables
2021-07-09 18:35:55,867:INFO:Importing untrained model
2021-07-09 18:35:55,899:INFO:Extra Trees Classifier Imported succesfully
2021-07-09 18:35:55,939:INFO:Starting cross validation
2021-07-09 18:35:55,939:INFO:Cross validating with StratifiedKFold(n_splits=10, random_state=None, shuffle=False), n_jobs=-1
2021-07-09 18:35:59,506:INFO:Calculating mean and std
2021-07-09 18:35:59,506:INFO:Creating metrics dataframe
2021-07-09 18:35:59,522:INFO:Uploading results into container
2021-07-09 18:35:59,522:INFO:Uploading model into container now
2021-07-09 18:35:59,522:INFO:create_model_container: 12
2021-07-09 18:35:59,522:INFO:master_model_container: 12
2021-07-09 18:35:59,522:INFO:display_container: 2
2021-07-09 18:35:59,522:INFO:ExtraTreesClassifier(bootstrap=False, ccp_alpha=0.0, class_weight=None,
                     criterion='gini', max_depth=None, max_features='auto',
                     max_leaf_nodes=None, max_samples=None,
                     min_impurity_decrease=0.0, min_impurity_split=None,
                     min_samples_leaf=1, min_samples_split=2,
                     min_weight_fraction_leaf=0.0, n_estimators=100, n_jobs=-1,
                     oob_score=False, random_state=2714, verbose=0,
                     warm_start=False)
2021-07-09 18:35:59,522:INFO:create_model() succesfully completed......................................
2021-07-09 18:35:59,617:INFO:SubProcess create_model() end ==================================
2021-07-09 18:35:59,617:INFO:Creating metrics dataframe
2021-07-09 18:35:59,646:INFO:Initializing Light Gradient Boosting Machine
2021-07-09 18:35:59,646:INFO:Total runtime is 0.42591786781946817 minutes
2021-07-09 18:35:59,670:INFO:SubProcess create_model() called ==================================
2021-07-09 18:35:59,670:INFO:Initializing create_model()
2021-07-09 18:35:59,670:INFO:create_model(estimator=lightgbm, fold=StratifiedKFold(n_splits=10, random_state=None, shuffle=False), round=4, cross_validation=True, predict=True, fit_kwargs={}, groups=None, refit=False, verbose=False, system=False, metrics=None, display=<pycaret.internal.Display.Display object at 0x000001F67F1E4310>, kwargs={})
2021-07-09 18:35:59,670:INFO:Checking exceptions
2021-07-09 18:35:59,670:INFO:Importing libraries
2021-07-09 18:35:59,670:INFO:Copying training dataset
2021-07-09 18:35:59,670:INFO:Defining folds
2021-07-09 18:35:59,670:INFO:Declaring metric variables
2021-07-09 18:35:59,687:INFO:Importing untrained model
2021-07-09 18:35:59,711:INFO:Light Gradient Boosting Machine Imported succesfully
2021-07-09 18:35:59,758:INFO:Starting cross validation
2021-07-09 18:35:59,758:INFO:Cross validating with StratifiedKFold(n_splits=10, random_state=None, shuffle=False), n_jobs=-1
2021-07-09 18:36:02,169:INFO:Calculating mean and std
2021-07-09 18:36:02,169:INFO:Creating metrics dataframe
2021-07-09 18:36:02,182:INFO:Uploading results into container
2021-07-09 18:36:02,182:INFO:Uploading model into container now
2021-07-09 18:36:02,182:INFO:create_model_container: 13
2021-07-09 18:36:02,182:INFO:master_model_container: 13
2021-07-09 18:36:02,182:INFO:display_container: 2
2021-07-09 18:36:02,182:INFO:LGBMClassifier(boosting_type='gbdt', class_weight=None, colsample_bytree=1.0,
               importance_type='split', learning_rate=0.1, max_depth=-1,
               min_child_samples=20, min_child_weight=0.001, min_split_gain=0.0,
               n_estimators=100, n_jobs=-1, num_leaves=31, objective=None,
               random_state=2714, reg_alpha=0.0, reg_lambda=0.0, silent=True,
               subsample=1.0, subsample_for_bin=200000, subsample_freq=0)
2021-07-09 18:36:02,182:INFO:create_model() succesfully completed......................................
2021-07-09 18:36:02,318:INFO:SubProcess create_model() end ==================================
2021-07-09 18:36:02,318:INFO:Creating metrics dataframe
2021-07-09 18:36:02,389:INFO:Initializing create_model()
2021-07-09 18:36:02,389:INFO:create_model(estimator=GradientBoostingClassifier(ccp_alpha=0.0, criterion='friedman_mse', init=None,
                           learning_rate=0.1, loss='deviance', max_depth=3,
                           max_features=None, max_leaf_nodes=None,
                           min_impurity_decrease=0.0, min_impurity_split=None,
                           min_samples_leaf=1, min_samples_split=2,
                           min_weight_fraction_leaf=0.0, n_estimators=100,
                           n_iter_no_change=None, presort='deprecated',
                           random_state=2714, subsample=1.0, tol=0.0001,
                           validation_fraction=0.1, verbose=0,
                           warm_start=False), fold=StratifiedKFold(n_splits=10, random_state=None, shuffle=False), round=4, cross_validation=False, predict=False, fit_kwargs={}, groups=None, refit=True, verbose=False, system=False, metrics=None, display=None, kwargs={})
2021-07-09 18:36:02,389:INFO:Checking exceptions
2021-07-09 18:36:02,389:INFO:Importing libraries
2021-07-09 18:36:02,389:INFO:Copying training dataset
2021-07-09 18:36:02,397:INFO:Defining folds
2021-07-09 18:36:02,397:INFO:Declaring metric variables
2021-07-09 18:36:02,397:INFO:Importing untrained model
2021-07-09 18:36:02,397:INFO:Declaring custom model
2021-07-09 18:36:02,397:INFO:Gradient Boosting Classifier Imported succesfully
2021-07-09 18:36:02,397:INFO:Cross validation set to False
2021-07-09 18:36:02,397:INFO:Fitting Model
2021-07-09 18:36:03,278:INFO:GradientBoostingClassifier(ccp_alpha=0.0, criterion='friedman_mse', init=None,
                           learning_rate=0.1, loss='deviance', max_depth=3,
                           max_features=None, max_leaf_nodes=None,
                           min_impurity_decrease=0.0, min_impurity_split=None,
                           min_samples_leaf=1, min_samples_split=2,
                           min_weight_fraction_leaf=0.0, n_estimators=100,
                           n_iter_no_change=None, presort='deprecated',
                           random_state=2714, subsample=1.0, tol=0.0001,
                           validation_fraction=0.1, verbose=0,
                           warm_start=False)
2021-07-09 18:36:03,278:INFO:create_models() succesfully completed......................................
2021-07-09 18:36:03,486:INFO:create_model_container: 13
2021-07-09 18:36:03,486:INFO:master_model_container: 13
2021-07-09 18:36:03,486:INFO:display_container: 2
2021-07-09 18:36:03,486:INFO:GradientBoostingClassifier(ccp_alpha=0.0, criterion='friedman_mse', init=None,
                           learning_rate=0.1, loss='deviance', max_depth=3,
                           max_features=None, max_leaf_nodes=None,
                           min_impurity_decrease=0.0, min_impurity_split=None,
                           min_samples_leaf=1, min_samples_split=2,
                           min_weight_fraction_leaf=0.0, n_estimators=100,
                           n_iter_no_change=None, presort='deprecated',
                           random_state=2714, subsample=1.0, tol=0.0001,
                           validation_fraction=0.1, verbose=0,
                           warm_start=False)
2021-07-09 18:36:03,486:INFO:compare_models() succesfully completed......................................
2021-07-09 18:50:09,089:INFO:Initializing tune_model()
2021-07-09 18:50:09,089:INFO:tune_model(estimator=GradientBoostingClassifier(ccp_alpha=0.0, criterion='friedman_mse', init=None,
                           learning_rate=0.1, loss='deviance', max_depth=3,
                           max_features=None, max_leaf_nodes=None,
                           min_impurity_decrease=0.0, min_impurity_split=None,
                           min_samples_leaf=1, min_samples_split=2,
                           min_weight_fraction_leaf=0.0, n_estimators=100,
                           n_iter_no_change=None, presort='deprecated',
                           random_state=2714, subsample=1.0, tol=0.0001,
                           validation_fraction=0.1, verbose=0,
                           warm_start=False), fold=None, round=4, n_iter=10, custom_grid=None, optimize=Accuracy, custom_scorer=None, search_library=scikit-learn, search_algorithm=None, early_stopping=False, early_stopping_max_iters=10, choose_better=False, fit_kwargs=None, groups=None, return_tuner=False, verbose=True, tuner_verbose=True, display=None, kwargs={})
2021-07-09 18:50:09,089:INFO:Checking exceptions
2021-07-09 18:50:09,097:INFO:Preparing display monitor
2021-07-09 18:50:09,129:INFO:Copying training dataset
2021-07-09 18:50:09,137:INFO:Checking base model
2021-07-09 18:50:09,137:INFO:Base model : Gradient Boosting Classifier
2021-07-09 18:50:09,169:INFO:Declaring metric variables
2021-07-09 18:50:09,209:INFO:Defining Hyperparameters
2021-07-09 18:50:09,380:INFO:Tuning with n_jobs=-1
2021-07-09 18:50:09,380:INFO:Initializing RandomizedSearchCV
2021-07-09 18:52:01,415:INFO:best_params: {'actual_estimator__subsample': 0.2, 'actual_estimator__n_estimators': 200, 'actual_estimator__min_samples_split': 9, 'actual_estimator__min_samples_leaf': 4, 'actual_estimator__min_impurity_decrease': 0.2, 'actual_estimator__max_features': 1.0, 'actual_estimator__max_depth': 3, 'actual_estimator__learning_rate': 0.05}
2021-07-09 18:52:01,415:INFO:Hyperparameter search completed
2021-07-09 18:52:01,415:INFO:SubProcess create_model() called ==================================
2021-07-09 18:52:01,415:INFO:Initializing create_model()
2021-07-09 18:52:01,415:INFO:create_model(estimator=GradientBoostingClassifier(ccp_alpha=0.0, criterion='friedman_mse', init=None,
                           learning_rate=0.1, loss='deviance', max_depth=3,
                           max_features=None, max_leaf_nodes=None,
                           min_impurity_decrease=0.0, min_impurity_split=None,
                           min_samples_leaf=1, min_samples_split=2,
                           min_weight_fraction_leaf=0.0, n_estimators=100,
                           n_iter_no_change=None, presort='deprecated',
                           random_state=2714, subsample=1.0, tol=0.0001,
                           validation_fraction=0.1, verbose=0,
                           warm_start=False), fold=StratifiedKFold(n_splits=10, random_state=None, shuffle=False), round=4, cross_validation=True, predict=True, fit_kwargs={}, groups=None, refit=True, verbose=True, system=False, metrics=None, display=<pycaret.internal.Display.Display object at 0x000001F67E11DF40>, kwargs={'subsample': 0.2, 'n_estimators': 200, 'min_samples_split': 9, 'min_samples_leaf': 4, 'min_impurity_decrease': 0.2, 'max_features': 1.0, 'max_depth': 3, 'learning_rate': 0.05})
2021-07-09 18:52:01,415:INFO:Checking exceptions
2021-07-09 18:52:01,415:INFO:Importing libraries
2021-07-09 18:52:01,415:INFO:Copying training dataset
2021-07-09 18:52:01,423:INFO:Defining folds
2021-07-09 18:52:01,423:INFO:Declaring metric variables
2021-07-09 18:52:01,439:INFO:Importing untrained model
2021-07-09 18:52:01,439:INFO:Declaring custom model
2021-07-09 18:52:01,463:INFO:Gradient Boosting Classifier Imported succesfully
2021-07-09 18:52:01,511:INFO:Starting cross validation
2021-07-09 18:52:01,511:INFO:Cross validating with StratifiedKFold(n_splits=10, random_state=None, shuffle=False), n_jobs=-1
2021-07-09 18:52:04,592:INFO:Calculating mean and std
2021-07-09 18:52:04,592:INFO:Creating metrics dataframe
2021-07-09 18:52:04,617:INFO:Finalizing model
2021-07-09 18:52:05,318:INFO:Uploading results into container
2021-07-09 18:52:05,318:INFO:Uploading model into container now
2021-07-09 18:52:05,318:INFO:create_model_container: 14
2021-07-09 18:52:05,318:INFO:master_model_container: 14
2021-07-09 18:52:05,318:INFO:display_container: 3
2021-07-09 18:52:05,318:INFO:GradientBoostingClassifier(ccp_alpha=0.0, criterion='friedman_mse', init=None,
                           learning_rate=0.05, loss='deviance', max_depth=3,
                           max_features=1.0, max_leaf_nodes=None,
                           min_impurity_decrease=0.2, min_impurity_split=None,
                           min_samples_leaf=4, min_samples_split=9,
                           min_weight_fraction_leaf=0.0, n_estimators=200,
                           n_iter_no_change=None, presort='deprecated',
                           random_state=2714, subsample=0.2, tol=0.0001,
                           validation_fraction=0.1, verbose=0,
                           warm_start=False)
2021-07-09 18:52:05,318:INFO:create_model() succesfully completed......................................
2021-07-09 18:52:05,449:INFO:SubProcess create_model() end ==================================
2021-07-09 18:52:05,465:INFO:create_model_container: 14
2021-07-09 18:52:05,465:INFO:master_model_container: 14
2021-07-09 18:52:05,465:INFO:display_container: 3
2021-07-09 18:52:05,476:INFO:GradientBoostingClassifier(ccp_alpha=0.0, criterion='friedman_mse', init=None,
                           learning_rate=0.05, loss='deviance', max_depth=3,
                           max_features=1.0, max_leaf_nodes=None,
                           min_impurity_decrease=0.2, min_impurity_split=None,
                           min_samples_leaf=4, min_samples_split=9,
                           min_weight_fraction_leaf=0.0, n_estimators=200,
                           n_iter_no_change=None, presort='deprecated',
                           random_state=2714, subsample=0.2, tol=0.0001,
                           validation_fraction=0.1, verbose=0,
                           warm_start=False)
2021-07-09 18:52:05,476:INFO:tune_model() succesfully completed......................................
2021-07-09 18:54:23,673:INFO:Initializing plot_model()
2021-07-09 18:54:23,673:INFO:plot_model(plot=auc, fold=None, use_train_data=False, verbose=True, is_in_evaluate=False, display=None, display_format=None, estimator=GradientBoostingClassifier(ccp_alpha=0.0, criterion='friedman_mse', init=None,
                           learning_rate=0.05, loss='deviance', max_depth=3,
                           max_features=1.0, max_leaf_nodes=None,
                           min_impurity_decrease=0.2, min_impurity_split=None,
                           min_samples_leaf=4, min_samples_split=9,
                           min_weight_fraction_leaf=0.0, n_estimators=200,
                           n_iter_no_change=None, presort='deprecated',
                           random_state=2714, subsample=0.2, tol=0.0001,
                           validation_fraction=0.1, verbose=0,
                           warm_start=False), feature_name=None, fit_kwargs=None, groups=None, label=False, save=False, scale=1, system=True)
2021-07-09 18:54:23,673:INFO:Checking exceptions
2021-07-09 18:54:23,681:INFO:Preparing display monitor
2021-07-09 18:54:23,697:INFO:Preloading libraries
2021-07-09 18:54:23,753:INFO:Copying training dataset
2021-07-09 18:54:23,753:INFO:Copying test dataset
2021-07-09 18:54:23,753:INFO:Plot type: auc
2021-07-09 18:54:24,204:INFO:Fitting Model
2021-07-09 18:54:24,204:INFO:Scoring test/hold-out set
2021-07-09 18:54:24,930:INFO:Visual Rendered Successfully
2021-07-09 18:54:25,038:INFO:plot_model() succesfully completed......................................
2021-07-09 18:55:39,463:INFO:Initializing plot_model()
2021-07-09 18:55:39,463:INFO:plot_model(plot=feature, fold=None, use_train_data=False, verbose=True, is_in_evaluate=False, display=None, display_format=None, estimator=GradientBoostingClassifier(ccp_alpha=0.0, criterion='friedman_mse', init=None,
                           learning_rate=0.05, loss='deviance', max_depth=3,
                           max_features=1.0, max_leaf_nodes=None,
                           min_impurity_decrease=0.2, min_impurity_split=None,
                           min_samples_leaf=4, min_samples_split=9,
                           min_weight_fraction_leaf=0.0, n_estimators=200,
                           n_iter_no_change=None, presort='deprecated',
                           random_state=2714, subsample=0.2, tol=0.0001,
                           validation_fraction=0.1, verbose=0,
                           warm_start=False), feature_name=None, fit_kwargs=None, groups=None, label=False, save=False, scale=1, system=True)
2021-07-09 18:55:39,463:INFO:Checking exceptions
2021-07-09 18:55:39,471:INFO:Preparing display monitor
2021-07-09 18:55:39,487:INFO:Preloading libraries
2021-07-09 18:55:39,551:INFO:Copying training dataset
2021-07-09 18:55:39,551:INFO:Copying test dataset
2021-07-09 18:55:39,559:INFO:Plot type: feature
2021-07-09 18:55:39,567:WARNING:No coef_ found. Trying feature_importances_
2021-07-09 18:55:40,028:INFO:Visual Rendered Successfully
2021-07-09 18:55:40,143:INFO:plot_model() succesfully completed......................................
2021-07-09 18:55:51,976:INFO:Initializing plot_model()
2021-07-09 18:55:51,976:INFO:plot_model(plot=confusion_matrix, fold=None, use_train_data=False, verbose=True, is_in_evaluate=False, display=None, display_format=None, estimator=GradientBoostingClassifier(ccp_alpha=0.0, criterion='friedman_mse', init=None,
                           learning_rate=0.05, loss='deviance', max_depth=3,
                           max_features=1.0, max_leaf_nodes=None,
                           min_impurity_decrease=0.2, min_impurity_split=None,
                           min_samples_leaf=4, min_samples_split=9,
                           min_weight_fraction_leaf=0.0, n_estimators=200,
                           n_iter_no_change=None, presort='deprecated',
                           random_state=2714, subsample=0.2, tol=0.0001,
                           validation_fraction=0.1, verbose=0,
                           warm_start=False), feature_name=None, fit_kwargs=None, groups=None, label=False, save=False, scale=1, system=True)
2021-07-09 18:55:51,984:INFO:Checking exceptions
2021-07-09 18:55:51,992:INFO:Preparing display monitor
2021-07-09 18:55:52,000:INFO:Preloading libraries
2021-07-09 18:55:52,032:INFO:Copying training dataset
2021-07-09 18:55:52,032:INFO:Copying test dataset
2021-07-09 18:55:52,032:INFO:Plot type: confusion_matrix
2021-07-09 18:55:52,048:INFO:Fitting Model
2021-07-09 18:55:52,056:INFO:Scoring test/hold-out set
2021-07-09 18:55:52,309:INFO:Visual Rendered Successfully
2021-07-09 18:55:52,441:INFO:plot_model() succesfully completed......................................
2021-07-09 19:05:53,807:INFO:Initializing compare_models()
2021-07-09 19:05:53,807:INFO:compare_models(include=None, fold=None, round=4, cross_validation=True, sort=Profit, n_select=1, budget_time=None, turbo=True, errors=ignore, fit_kwargs=None, groups=None, verbose=True, display=None, exclude=None)
2021-07-09 19:05:53,807:INFO:Checking exceptions
2021-07-09 19:05:53,807:INFO:Preparing display monitor
2021-07-09 19:05:53,815:INFO:Preparing display monitor
2021-07-09 19:05:53,871:INFO:Initializing Logistic Regression
2021-07-09 19:05:53,871:INFO:Total runtime is 0.0 minutes
2021-07-09 19:05:53,895:INFO:SubProcess create_model() called ==================================
2021-07-09 19:05:53,895:INFO:Initializing create_model()
2021-07-09 19:05:53,895:INFO:create_model(estimator=lr, fold=StratifiedKFold(n_splits=10, random_state=None, shuffle=False), round=4, cross_validation=True, predict=True, fit_kwargs={}, groups=None, refit=False, verbose=False, system=False, metrics=None, display=<pycaret.internal.Display.Display object at 0x000001F6246BCFA0>, kwargs={})
2021-07-09 19:05:53,895:INFO:Checking exceptions
2021-07-09 19:05:53,895:INFO:Importing libraries
2021-07-09 19:05:53,895:INFO:Copying training dataset
2021-07-09 19:05:53,895:INFO:Defining folds
2021-07-09 19:05:53,895:INFO:Declaring metric variables
2021-07-09 19:05:53,919:INFO:Importing untrained model
2021-07-09 19:05:53,935:INFO:Logistic Regression Imported succesfully
2021-07-09 19:05:53,975:INFO:Starting cross validation
2021-07-09 19:05:53,975:INFO:Cross validating with StratifiedKFold(n_splits=10, random_state=None, shuffle=False), n_jobs=-1
2021-07-09 19:06:02,230:INFO:Calculating mean and std
2021-07-09 19:06:02,238:INFO:Creating metrics dataframe
2021-07-09 19:06:02,248:INFO:Uploading results into container
2021-07-09 19:06:02,248:INFO:Uploading model into container now
2021-07-09 19:06:02,248:INFO:create_model_container: 15
2021-07-09 19:06:02,248:INFO:master_model_container: 15
2021-07-09 19:06:02,248:INFO:display_container: 4
2021-07-09 19:06:02,248:INFO:LogisticRegression(C=1.0, class_weight=None, dual=False, fit_intercept=True,
                   intercept_scaling=1, l1_ratio=None, max_iter=1000,
                   multi_class='auto', n_jobs=None, penalty='l2',
                   random_state=2714, solver='lbfgs', tol=0.0001, verbose=0,
                   warm_start=False)
2021-07-09 19:06:02,248:INFO:create_model() succesfully completed......................................
2021-07-09 19:06:02,363:INFO:SubProcess create_model() end ==================================
2021-07-09 19:06:02,363:INFO:Creating metrics dataframe
2021-07-09 19:06:02,395:INFO:Initializing K Neighbors Classifier
2021-07-09 19:06:02,395:INFO:Total runtime is 0.14205785592397055 minutes
2021-07-09 19:06:02,410:INFO:SubProcess create_model() called ==================================
2021-07-09 19:06:02,410:INFO:Initializing create_model()
2021-07-09 19:06:02,418:INFO:create_model(estimator=knn, fold=StratifiedKFold(n_splits=10, random_state=None, shuffle=False), round=4, cross_validation=True, predict=True, fit_kwargs={}, groups=None, refit=False, verbose=False, system=False, metrics=None, display=<pycaret.internal.Display.Display object at 0x000001F6246BCFA0>, kwargs={})
2021-07-09 19:06:02,418:INFO:Checking exceptions
2021-07-09 19:06:02,418:INFO:Importing libraries
2021-07-09 19:06:02,418:INFO:Copying training dataset
2021-07-09 19:06:02,418:INFO:Defining folds
2021-07-09 19:06:02,418:INFO:Declaring metric variables
2021-07-09 19:06:02,442:INFO:Importing untrained model
2021-07-09 19:06:02,458:INFO:K Neighbors Classifier Imported succesfully
2021-07-09 19:06:02,522:INFO:Starting cross validation
2021-07-09 19:06:02,530:INFO:Cross validating with StratifiedKFold(n_splits=10, random_state=None, shuffle=False), n_jobs=-1
2021-07-09 19:06:03,103:INFO:Calculating mean and std
2021-07-09 19:06:03,103:INFO:Creating metrics dataframe
2021-07-09 19:06:03,113:INFO:Uploading results into container
2021-07-09 19:06:03,113:INFO:Uploading model into container now
2021-07-09 19:06:03,113:INFO:create_model_container: 16
2021-07-09 19:06:03,113:INFO:master_model_container: 16
2021-07-09 19:06:03,113:INFO:display_container: 4
2021-07-09 19:06:03,113:INFO:KNeighborsClassifier(algorithm='auto', leaf_size=30, metric='minkowski',
                     metric_params=None, n_jobs=-1, n_neighbors=5, p=2,
                     weights='uniform')
2021-07-09 19:06:03,113:INFO:create_model() succesfully completed......................................
2021-07-09 19:06:03,238:INFO:SubProcess create_model() end ==================================
2021-07-09 19:06:03,238:INFO:Creating metrics dataframe
2021-07-09 19:06:03,270:INFO:Initializing Naive Bayes
2021-07-09 19:06:03,270:INFO:Total runtime is 0.15664347410202029 minutes
2021-07-09 19:06:03,286:INFO:SubProcess create_model() called ==================================
2021-07-09 19:06:03,286:INFO:Initializing create_model()
2021-07-09 19:06:03,286:INFO:create_model(estimator=nb, fold=StratifiedKFold(n_splits=10, random_state=None, shuffle=False), round=4, cross_validation=True, predict=True, fit_kwargs={}, groups=None, refit=False, verbose=False, system=False, metrics=None, display=<pycaret.internal.Display.Display object at 0x000001F6246BCFA0>, kwargs={})
2021-07-09 19:06:03,286:INFO:Checking exceptions
2021-07-09 19:06:03,286:INFO:Importing libraries
2021-07-09 19:06:03,286:INFO:Copying training dataset
2021-07-09 19:06:03,294:INFO:Defining folds
2021-07-09 19:06:03,294:INFO:Declaring metric variables
2021-07-09 19:06:03,310:INFO:Importing untrained model
2021-07-09 19:06:03,334:INFO:Naive Bayes Imported succesfully
2021-07-09 19:06:03,382:INFO:Starting cross validation
2021-07-09 19:06:03,382:INFO:Cross validating with StratifiedKFold(n_splits=10, random_state=None, shuffle=False), n_jobs=-1
2021-07-09 19:06:03,557:INFO:Calculating mean and std
2021-07-09 19:06:03,565:INFO:Creating metrics dataframe
2021-07-09 19:06:03,573:INFO:Uploading results into container
2021-07-09 19:06:03,573:INFO:Uploading model into container now
2021-07-09 19:06:03,573:INFO:create_model_container: 17
2021-07-09 19:06:03,573:INFO:master_model_container: 17
2021-07-09 19:06:03,573:INFO:display_container: 4
2021-07-09 19:06:03,573:INFO:GaussianNB(priors=None, var_smoothing=1e-09)
2021-07-09 19:06:03,573:INFO:create_model() succesfully completed......................................
2021-07-09 19:06:03,728:INFO:SubProcess create_model() end ==================================
2021-07-09 19:06:03,728:INFO:Creating metrics dataframe
2021-07-09 19:06:03,768:INFO:Initializing Decision Tree Classifier
2021-07-09 19:06:03,768:INFO:Total runtime is 0.16495430469512942 minutes
2021-07-09 19:06:03,785:INFO:SubProcess create_model() called ==================================
2021-07-09 19:06:03,785:INFO:Initializing create_model()
2021-07-09 19:06:03,793:INFO:create_model(estimator=dt, fold=StratifiedKFold(n_splits=10, random_state=None, shuffle=False), round=4, cross_validation=True, predict=True, fit_kwargs={}, groups=None, refit=False, verbose=False, system=False, metrics=None, display=<pycaret.internal.Display.Display object at 0x000001F6246BCFA0>, kwargs={})
2021-07-09 19:06:03,793:INFO:Checking exceptions
2021-07-09 19:06:03,793:INFO:Importing libraries
2021-07-09 19:06:03,793:INFO:Copying training dataset
2021-07-09 19:06:03,793:INFO:Defining folds
2021-07-09 19:06:03,793:INFO:Declaring metric variables
2021-07-09 19:06:03,818:INFO:Importing untrained model
2021-07-09 19:06:03,850:INFO:Decision Tree Classifier Imported succesfully
2021-07-09 19:06:03,910:INFO:Starting cross validation
2021-07-09 19:06:03,910:INFO:Cross validating with StratifiedKFold(n_splits=10, random_state=None, shuffle=False), n_jobs=-1
2021-07-09 19:06:04,278:INFO:Calculating mean and std
2021-07-09 19:06:04,278:INFO:Creating metrics dataframe
2021-07-09 19:06:04,286:INFO:Uploading results into container
2021-07-09 19:06:04,286:INFO:Uploading model into container now
2021-07-09 19:06:04,286:INFO:create_model_container: 18
2021-07-09 19:06:04,286:INFO:master_model_container: 18
2021-07-09 19:06:04,286:INFO:display_container: 4
2021-07-09 19:06:04,286:INFO:DecisionTreeClassifier(ccp_alpha=0.0, class_weight=None, criterion='gini',
                       max_depth=None, max_features=None, max_leaf_nodes=None,
                       min_impurity_decrease=0.0, min_impurity_split=None,
                       min_samples_leaf=1, min_samples_split=2,
                       min_weight_fraction_leaf=0.0, presort='deprecated',
                       random_state=2714, splitter='best')
2021-07-09 19:06:04,294:INFO:create_model() succesfully completed......................................
2021-07-09 19:06:04,422:INFO:SubProcess create_model() end ==================================
2021-07-09 19:06:04,422:INFO:Creating metrics dataframe
2021-07-09 19:06:04,446:INFO:Initializing SVM - Linear Kernel
2021-07-09 19:06:04,454:INFO:Total runtime is 0.1763870716094971 minutes
2021-07-09 19:06:04,470:INFO:SubProcess create_model() called ==================================
2021-07-09 19:06:04,470:INFO:Initializing create_model()
2021-07-09 19:06:04,470:INFO:create_model(estimator=svm, fold=StratifiedKFold(n_splits=10, random_state=None, shuffle=False), round=4, cross_validation=True, predict=True, fit_kwargs={}, groups=None, refit=False, verbose=False, system=False, metrics=None, display=<pycaret.internal.Display.Display object at 0x000001F6246BCFA0>, kwargs={})
2021-07-09 19:06:04,470:INFO:Checking exceptions
2021-07-09 19:06:04,470:INFO:Importing libraries
2021-07-09 19:06:04,470:INFO:Copying training dataset
2021-07-09 19:06:04,470:INFO:Defining folds
2021-07-09 19:06:04,470:INFO:Declaring metric variables
2021-07-09 19:06:04,494:INFO:Importing untrained model
2021-07-09 19:06:04,518:INFO:SVM - Linear Kernel Imported succesfully
2021-07-09 19:06:04,566:INFO:Starting cross validation
2021-07-09 19:06:04,566:INFO:Cross validating with StratifiedKFold(n_splits=10, random_state=None, shuffle=False), n_jobs=-1
2021-07-09 19:06:05,180:INFO:Calculating mean and std
2021-07-09 19:06:05,180:INFO:Creating metrics dataframe
2021-07-09 19:06:05,190:INFO:Uploading results into container
2021-07-09 19:06:05,190:INFO:Uploading model into container now
2021-07-09 19:06:05,190:INFO:create_model_container: 19
2021-07-09 19:06:05,190:INFO:master_model_container: 19
2021-07-09 19:06:05,190:INFO:display_container: 4
2021-07-09 19:06:05,198:INFO:SGDClassifier(alpha=0.0001, average=False, class_weight=None,
              early_stopping=False, epsilon=0.1, eta0=0.001, fit_intercept=True,
              l1_ratio=0.15, learning_rate='optimal', loss='hinge',
              max_iter=1000, n_iter_no_change=5, n_jobs=-1, penalty='l2',
              power_t=0.5, random_state=2714, shuffle=True, tol=0.001,
              validation_fraction=0.1, verbose=0, warm_start=False)
2021-07-09 19:06:05,198:INFO:create_model() succesfully completed......................................
2021-07-09 19:06:05,314:INFO:SubProcess create_model() end ==================================
2021-07-09 19:06:05,314:INFO:Creating metrics dataframe
2021-07-09 19:06:05,346:INFO:Initializing Ridge Classifier
2021-07-09 19:06:05,346:INFO:Total runtime is 0.19124126831690474 minutes
2021-07-09 19:06:05,367:INFO:SubProcess create_model() called ==================================
2021-07-09 19:06:05,367:INFO:Initializing create_model()
2021-07-09 19:06:05,367:INFO:create_model(estimator=ridge, fold=StratifiedKFold(n_splits=10, random_state=None, shuffle=False), round=4, cross_validation=True, predict=True, fit_kwargs={}, groups=None, refit=False, verbose=False, system=False, metrics=None, display=<pycaret.internal.Display.Display object at 0x000001F6246BCFA0>, kwargs={})
2021-07-09 19:06:05,367:INFO:Checking exceptions
2021-07-09 19:06:05,367:INFO:Importing libraries
2021-07-09 19:06:05,367:INFO:Copying training dataset
2021-07-09 19:06:05,367:INFO:Defining folds
2021-07-09 19:06:05,367:INFO:Declaring metric variables
2021-07-09 19:06:05,393:INFO:Importing untrained model
2021-07-09 19:06:05,417:INFO:Ridge Classifier Imported succesfully
2021-07-09 19:06:05,457:INFO:Starting cross validation
2021-07-09 19:06:05,457:INFO:Cross validating with StratifiedKFold(n_splits=10, random_state=None, shuffle=False), n_jobs=-1
2021-07-09 19:06:05,621:INFO:Calculating mean and std
2021-07-09 19:06:05,621:INFO:Creating metrics dataframe
2021-07-09 19:06:05,621:INFO:Uploading results into container
2021-07-09 19:06:05,621:INFO:Uploading model into container now
2021-07-09 19:06:05,621:INFO:create_model_container: 20
2021-07-09 19:06:05,621:INFO:master_model_container: 20
2021-07-09 19:06:05,621:INFO:display_container: 4
2021-07-09 19:06:05,621:INFO:RidgeClassifier(alpha=1.0, class_weight=None, copy_X=True, fit_intercept=True,
                max_iter=None, normalize=False, random_state=2714,
                solver='auto', tol=0.001)
2021-07-09 19:06:05,621:INFO:create_model() succesfully completed......................................
2021-07-09 19:06:05,753:INFO:SubProcess create_model() end ==================================
2021-07-09 19:06:05,753:INFO:Creating metrics dataframe
2021-07-09 19:06:05,784:INFO:Initializing Random Forest Classifier
2021-07-09 19:06:05,784:INFO:Total runtime is 0.1985456705093384 minutes
2021-07-09 19:06:05,806:INFO:SubProcess create_model() called ==================================
2021-07-09 19:06:05,806:INFO:Initializing create_model()
2021-07-09 19:06:05,806:INFO:create_model(estimator=rf, fold=StratifiedKFold(n_splits=10, random_state=None, shuffle=False), round=4, cross_validation=True, predict=True, fit_kwargs={}, groups=None, refit=False, verbose=False, system=False, metrics=None, display=<pycaret.internal.Display.Display object at 0x000001F6246BCFA0>, kwargs={})
2021-07-09 19:06:05,806:INFO:Checking exceptions
2021-07-09 19:06:05,806:INFO:Importing libraries
2021-07-09 19:06:05,806:INFO:Copying training dataset
2021-07-09 19:06:05,814:INFO:Defining folds
2021-07-09 19:06:05,814:INFO:Declaring metric variables
2021-07-09 19:06:05,830:INFO:Importing untrained model
2021-07-09 19:06:05,854:INFO:Random Forest Classifier Imported succesfully
2021-07-09 19:06:05,894:INFO:Starting cross validation
2021-07-09 19:06:05,894:INFO:Cross validating with StratifiedKFold(n_splits=10, random_state=None, shuffle=False), n_jobs=-1
2021-07-09 19:06:09,578:INFO:Calculating mean and std
2021-07-09 19:06:09,578:INFO:Creating metrics dataframe
2021-07-09 19:06:09,586:INFO:Uploading results into container
2021-07-09 19:06:09,594:INFO:Uploading model into container now
2021-07-09 19:06:09,594:INFO:create_model_container: 21
2021-07-09 19:06:09,594:INFO:master_model_container: 21
2021-07-09 19:06:09,594:INFO:display_container: 4
2021-07-09 19:06:09,594:INFO:RandomForestClassifier(bootstrap=True, ccp_alpha=0.0, class_weight=None,
                       criterion='gini', max_depth=None, max_features='auto',
                       max_leaf_nodes=None, max_samples=None,
                       min_impurity_decrease=0.0, min_impurity_split=None,
                       min_samples_leaf=1, min_samples_split=2,
                       min_weight_fraction_leaf=0.0, n_estimators=100,
                       n_jobs=-1, oob_score=False, random_state=2714, verbose=0,
                       warm_start=False)
2021-07-09 19:06:09,594:INFO:create_model() succesfully completed......................................
2021-07-09 19:06:09,726:INFO:SubProcess create_model() end ==================================
2021-07-09 19:06:09,726:INFO:Creating metrics dataframe
2021-07-09 19:06:09,741:INFO:Initializing Quadratic Discriminant Analysis
2021-07-09 19:06:09,741:INFO:Total runtime is 0.264503820737203 minutes
2021-07-09 19:06:09,770:INFO:SubProcess create_model() called ==================================
2021-07-09 19:06:09,770:INFO:Initializing create_model()
2021-07-09 19:06:09,770:INFO:create_model(estimator=qda, fold=StratifiedKFold(n_splits=10, random_state=None, shuffle=False), round=4, cross_validation=True, predict=True, fit_kwargs={}, groups=None, refit=False, verbose=False, system=False, metrics=None, display=<pycaret.internal.Display.Display object at 0x000001F6246BCFA0>, kwargs={})
2021-07-09 19:06:09,770:INFO:Checking exceptions
2021-07-09 19:06:09,770:INFO:Importing libraries
2021-07-09 19:06:09,770:INFO:Copying training dataset
2021-07-09 19:06:09,770:INFO:Defining folds
2021-07-09 19:06:09,770:INFO:Declaring metric variables
2021-07-09 19:06:09,786:INFO:Importing untrained model
2021-07-09 19:06:09,810:INFO:Quadratic Discriminant Analysis Imported succesfully
2021-07-09 19:06:09,850:INFO:Starting cross validation
2021-07-09 19:06:09,850:INFO:Cross validating with StratifiedKFold(n_splits=10, random_state=None, shuffle=False), n_jobs=-1
2021-07-09 19:06:10,069:INFO:Calculating mean and std
2021-07-09 19:06:10,069:INFO:Creating metrics dataframe
2021-07-09 19:06:10,080:INFO:Uploading results into container
2021-07-09 19:06:10,080:INFO:Uploading model into container now
2021-07-09 19:06:10,080:INFO:create_model_container: 22
2021-07-09 19:06:10,080:INFO:master_model_container: 22
2021-07-09 19:06:10,080:INFO:display_container: 4
2021-07-09 19:06:10,080:INFO:QuadraticDiscriminantAnalysis(priors=None, reg_param=0.0,
                              store_covariance=False, tol=0.0001)
2021-07-09 19:06:10,080:INFO:create_model() succesfully completed......................................
2021-07-09 19:06:10,203:INFO:SubProcess create_model() end ==================================
2021-07-09 19:06:10,203:INFO:Creating metrics dataframe
2021-07-09 19:06:10,253:INFO:Initializing Ada Boost Classifier
2021-07-09 19:06:10,253:INFO:Total runtime is 0.27303159236907965 minutes
2021-07-09 19:06:10,269:INFO:SubProcess create_model() called ==================================
2021-07-09 19:06:10,269:INFO:Initializing create_model()
2021-07-09 19:06:10,269:INFO:create_model(estimator=ada, fold=StratifiedKFold(n_splits=10, random_state=None, shuffle=False), round=4, cross_validation=True, predict=True, fit_kwargs={}, groups=None, refit=False, verbose=False, system=False, metrics=None, display=<pycaret.internal.Display.Display object at 0x000001F6246BCFA0>, kwargs={})
2021-07-09 19:06:10,269:INFO:Checking exceptions
2021-07-09 19:06:10,269:INFO:Importing libraries
2021-07-09 19:06:10,269:INFO:Copying training dataset
2021-07-09 19:06:10,269:INFO:Defining folds
2021-07-09 19:06:10,269:INFO:Declaring metric variables
2021-07-09 19:06:10,293:INFO:Importing untrained model
2021-07-09 19:06:10,317:INFO:Ada Boost Classifier Imported succesfully
2021-07-09 19:06:10,349:INFO:Starting cross validation
2021-07-09 19:06:10,349:INFO:Cross validating with StratifiedKFold(n_splits=10, random_state=None, shuffle=False), n_jobs=-1
2021-07-09 19:06:11,961:INFO:Calculating mean and std
2021-07-09 19:06:11,961:INFO:Creating metrics dataframe
2021-07-09 19:06:11,969:INFO:Uploading results into container
2021-07-09 19:06:11,969:INFO:Uploading model into container now
2021-07-09 19:06:11,969:INFO:create_model_container: 23
2021-07-09 19:06:11,969:INFO:master_model_container: 23
2021-07-09 19:06:11,969:INFO:display_container: 4
2021-07-09 19:06:11,969:INFO:AdaBoostClassifier(algorithm='SAMME.R', base_estimator=None, learning_rate=1.0,
                   n_estimators=50, random_state=2714)
2021-07-09 19:06:11,969:INFO:create_model() succesfully completed......................................
2021-07-09 19:06:12,096:INFO:SubProcess create_model() end ==================================
2021-07-09 19:06:12,096:INFO:Creating metrics dataframe
2021-07-09 19:06:12,136:INFO:Initializing Gradient Boosting Classifier
2021-07-09 19:06:12,136:INFO:Total runtime is 0.30441815455754606 minutes
2021-07-09 19:06:12,152:INFO:SubProcess create_model() called ==================================
2021-07-09 19:06:12,160:INFO:Initializing create_model()
2021-07-09 19:06:12,160:INFO:create_model(estimator=gbc, fold=StratifiedKFold(n_splits=10, random_state=None, shuffle=False), round=4, cross_validation=True, predict=True, fit_kwargs={}, groups=None, refit=False, verbose=False, system=False, metrics=None, display=<pycaret.internal.Display.Display object at 0x000001F6246BCFA0>, kwargs={})
2021-07-09 19:06:12,160:INFO:Checking exceptions
2021-07-09 19:06:12,160:INFO:Importing libraries
2021-07-09 19:06:12,160:INFO:Copying training dataset
2021-07-09 19:06:12,160:INFO:Defining folds
2021-07-09 19:06:12,160:INFO:Declaring metric variables
2021-07-09 19:06:12,176:INFO:Importing untrained model
2021-07-09 19:06:12,200:INFO:Gradient Boosting Classifier Imported succesfully
2021-07-09 19:06:12,240:INFO:Starting cross validation
2021-07-09 19:06:12,240:INFO:Cross validating with StratifiedKFold(n_splits=10, random_state=None, shuffle=False), n_jobs=-1
2021-07-09 19:06:16,280:INFO:Calculating mean and std
2021-07-09 19:06:16,282:INFO:Creating metrics dataframe
2021-07-09 19:06:16,282:INFO:Uploading results into container
2021-07-09 19:06:16,290:INFO:Uploading model into container now
2021-07-09 19:06:16,290:INFO:create_model_container: 24
2021-07-09 19:06:16,290:INFO:master_model_container: 24
2021-07-09 19:06:16,290:INFO:display_container: 4
2021-07-09 19:06:16,290:INFO:GradientBoostingClassifier(ccp_alpha=0.0, criterion='friedman_mse', init=None,
                           learning_rate=0.1, loss='deviance', max_depth=3,
                           max_features=None, max_leaf_nodes=None,
                           min_impurity_decrease=0.0, min_impurity_split=None,
                           min_samples_leaf=1, min_samples_split=2,
                           min_weight_fraction_leaf=0.0, n_estimators=100,
                           n_iter_no_change=None, presort='deprecated',
                           random_state=2714, subsample=1.0, tol=0.0001,
                           validation_fraction=0.1, verbose=0,
                           warm_start=False)
2021-07-09 19:06:16,290:INFO:create_model() succesfully completed......................................
2021-07-09 19:06:16,415:INFO:SubProcess create_model() end ==================================
2021-07-09 19:06:16,415:INFO:Creating metrics dataframe
2021-07-09 19:06:16,447:INFO:Initializing Linear Discriminant Analysis
2021-07-09 19:06:16,447:INFO:Total runtime is 0.37625894943873095 minutes
2021-07-09 19:06:16,469:INFO:SubProcess create_model() called ==================================
2021-07-09 19:06:16,469:INFO:Initializing create_model()
2021-07-09 19:06:16,469:INFO:create_model(estimator=lda, fold=StratifiedKFold(n_splits=10, random_state=None, shuffle=False), round=4, cross_validation=True, predict=True, fit_kwargs={}, groups=None, refit=False, verbose=False, system=False, metrics=None, display=<pycaret.internal.Display.Display object at 0x000001F6246BCFA0>, kwargs={})
2021-07-09 19:06:16,469:INFO:Checking exceptions
2021-07-09 19:06:16,469:INFO:Importing libraries
2021-07-09 19:06:16,469:INFO:Copying training dataset
2021-07-09 19:06:16,477:INFO:Defining folds
2021-07-09 19:06:16,477:INFO:Declaring metric variables
2021-07-09 19:06:16,493:INFO:Importing untrained model
2021-07-09 19:06:16,509:INFO:Linear Discriminant Analysis Imported succesfully
2021-07-09 19:06:16,549:INFO:Starting cross validation
2021-07-09 19:06:16,549:INFO:Cross validating with StratifiedKFold(n_splits=10, random_state=None, shuffle=False), n_jobs=-1
2021-07-09 19:06:16,848:INFO:Calculating mean and std
2021-07-09 19:06:16,848:INFO:Creating metrics dataframe
2021-07-09 19:06:16,856:INFO:Uploading results into container
2021-07-09 19:06:16,856:INFO:Uploading model into container now
2021-07-09 19:06:16,856:INFO:create_model_container: 25
2021-07-09 19:06:16,856:INFO:master_model_container: 25
2021-07-09 19:06:16,856:INFO:display_container: 4
2021-07-09 19:06:16,860:INFO:LinearDiscriminantAnalysis(n_components=None, priors=None, shrinkage=None,
                           solver='svd', store_covariance=False, tol=0.0001)
2021-07-09 19:06:16,860:INFO:create_model() succesfully completed......................................
2021-07-09 19:06:16,992:INFO:SubProcess create_model() end ==================================
2021-07-09 19:06:16,992:INFO:Creating metrics dataframe
2021-07-09 19:06:17,023:INFO:Initializing Extra Trees Classifier
2021-07-09 19:06:17,023:INFO:Total runtime is 0.38586755990982063 minutes
2021-07-09 19:06:17,039:INFO:SubProcess create_model() called ==================================
2021-07-09 19:06:17,039:INFO:Initializing create_model()
2021-07-09 19:06:17,039:INFO:create_model(estimator=et, fold=StratifiedKFold(n_splits=10, random_state=None, shuffle=False), round=4, cross_validation=True, predict=True, fit_kwargs={}, groups=None, refit=False, verbose=False, system=False, metrics=None, display=<pycaret.internal.Display.Display object at 0x000001F6246BCFA0>, kwargs={})
2021-07-09 19:06:17,039:INFO:Checking exceptions
2021-07-09 19:06:17,039:INFO:Importing libraries
2021-07-09 19:06:17,039:INFO:Copying training dataset
2021-07-09 19:06:17,047:INFO:Defining folds
2021-07-09 19:06:17,047:INFO:Declaring metric variables
2021-07-09 19:06:17,063:INFO:Importing untrained model
2021-07-09 19:06:17,087:INFO:Extra Trees Classifier Imported succesfully
2021-07-09 19:06:17,127:INFO:Starting cross validation
2021-07-09 19:06:17,127:INFO:Cross validating with StratifiedKFold(n_splits=10, random_state=None, shuffle=False), n_jobs=-1
2021-07-09 19:06:20,623:INFO:Calculating mean and std
2021-07-09 19:06:20,639:INFO:Creating metrics dataframe
2021-07-09 19:06:20,639:INFO:Uploading results into container
2021-07-09 19:06:20,639:INFO:Uploading model into container now
2021-07-09 19:06:20,639:INFO:create_model_container: 26
2021-07-09 19:06:20,639:INFO:master_model_container: 26
2021-07-09 19:06:20,639:INFO:display_container: 4
2021-07-09 19:06:20,639:INFO:ExtraTreesClassifier(bootstrap=False, ccp_alpha=0.0, class_weight=None,
                     criterion='gini', max_depth=None, max_features='auto',
                     max_leaf_nodes=None, max_samples=None,
                     min_impurity_decrease=0.0, min_impurity_split=None,
                     min_samples_leaf=1, min_samples_split=2,
                     min_weight_fraction_leaf=0.0, n_estimators=100, n_jobs=-1,
                     oob_score=False, random_state=2714, verbose=0,
                     warm_start=False)
2021-07-09 19:06:20,648:INFO:create_model() succesfully completed......................................
2021-07-09 19:06:20,772:INFO:SubProcess create_model() end ==================================
2021-07-09 19:06:20,772:INFO:Creating metrics dataframe
2021-07-09 19:06:20,804:INFO:Initializing Light Gradient Boosting Machine
2021-07-09 19:06:20,804:INFO:Total runtime is 0.44888397057851165 minutes
2021-07-09 19:06:20,820:INFO:SubProcess create_model() called ==================================
2021-07-09 19:06:20,820:INFO:Initializing create_model()
2021-07-09 19:06:20,820:INFO:create_model(estimator=lightgbm, fold=StratifiedKFold(n_splits=10, random_state=None, shuffle=False), round=4, cross_validation=True, predict=True, fit_kwargs={}, groups=None, refit=False, verbose=False, system=False, metrics=None, display=<pycaret.internal.Display.Display object at 0x000001F6246BCFA0>, kwargs={})
2021-07-09 19:06:20,820:INFO:Checking exceptions
2021-07-09 19:06:20,820:INFO:Importing libraries
2021-07-09 19:06:20,820:INFO:Copying training dataset
2021-07-09 19:06:20,820:INFO:Defining folds
2021-07-09 19:06:20,820:INFO:Declaring metric variables
2021-07-09 19:06:20,836:INFO:Importing untrained model
2021-07-09 19:06:20,852:INFO:Light Gradient Boosting Machine Imported succesfully
2021-07-09 19:06:20,892:INFO:Starting cross validation
2021-07-09 19:06:20,900:INFO:Cross validating with StratifiedKFold(n_splits=10, random_state=None, shuffle=False), n_jobs=-1
2021-07-09 19:06:23,275:INFO:Calculating mean and std
2021-07-09 19:06:23,275:INFO:Creating metrics dataframe
2021-07-09 19:06:23,285:INFO:Uploading results into container
2021-07-09 19:06:23,285:INFO:Uploading model into container now
2021-07-09 19:06:23,285:INFO:create_model_container: 27
2021-07-09 19:06:23,285:INFO:master_model_container: 27
2021-07-09 19:06:23,285:INFO:display_container: 4
2021-07-09 19:06:23,285:INFO:LGBMClassifier(boosting_type='gbdt', class_weight=None, colsample_bytree=1.0,
               importance_type='split', learning_rate=0.1, max_depth=-1,
               min_child_samples=20, min_child_weight=0.001, min_split_gain=0.0,
               n_estimators=100, n_jobs=-1, num_leaves=31, objective=None,
               random_state=2714, reg_alpha=0.0, reg_lambda=0.0, silent=True,
               subsample=1.0, subsample_for_bin=200000, subsample_freq=0)
2021-07-09 19:06:23,290:INFO:create_model() succesfully completed......................................
2021-07-09 19:06:23,416:INFO:SubProcess create_model() end ==================================
2021-07-09 19:06:23,416:INFO:Creating metrics dataframe
2021-07-09 19:06:23,501:INFO:Initializing create_model()
2021-07-09 19:06:23,501:INFO:create_model(estimator=GaussianNB(priors=None, var_smoothing=1e-09), fold=StratifiedKFold(n_splits=10, random_state=None, shuffle=False), round=4, cross_validation=False, predict=False, fit_kwargs={}, groups=None, refit=True, verbose=False, system=False, metrics=None, display=None, kwargs={})
2021-07-09 19:06:23,501:INFO:Checking exceptions
2021-07-09 19:06:23,501:INFO:Importing libraries
2021-07-09 19:06:23,501:INFO:Copying training dataset
2021-07-09 19:06:23,501:INFO:Defining folds
2021-07-09 19:06:23,501:INFO:Declaring metric variables
2021-07-09 19:06:23,501:INFO:Importing untrained model
2021-07-09 19:06:23,501:INFO:Declaring custom model
2021-07-09 19:06:23,501:INFO:Naive Bayes Imported succesfully
2021-07-09 19:06:23,501:INFO:Cross validation set to False
2021-07-09 19:06:23,501:INFO:Fitting Model
2021-07-09 19:06:23,517:INFO:GaussianNB(priors=None, var_smoothing=1e-09)
2021-07-09 19:06:23,517:INFO:create_models() succesfully completed......................................
2021-07-09 19:06:23,716:INFO:create_model_container: 27
2021-07-09 19:06:23,716:INFO:master_model_container: 27
2021-07-09 19:06:23,716:INFO:display_container: 4
2021-07-09 19:06:23,721:INFO:GaussianNB(priors=None, var_smoothing=1e-09)
2021-07-09 19:06:23,721:INFO:compare_models() succesfully completed......................................
2021-07-09 19:07:02,215:INFO:Initializing plot_model()
2021-07-09 19:07:02,215:INFO:plot_model(plot=confusion_matrix, fold=None, use_train_data=False, verbose=True, is_in_evaluate=False, display=None, display_format=None, estimator=GaussianNB(priors=None, var_smoothing=1e-09), feature_name=None, fit_kwargs=None, groups=None, label=False, save=False, scale=1, system=True)
2021-07-09 19:07:02,215:INFO:Checking exceptions
2021-07-09 19:07:02,223:INFO:Preparing display monitor
2021-07-09 19:07:02,239:INFO:Preloading libraries
2021-07-09 19:07:02,239:INFO:Copying training dataset
2021-07-09 19:07:02,239:INFO:Copying test dataset
2021-07-09 19:07:02,239:INFO:Plot type: confusion_matrix
2021-07-09 19:07:02,247:INFO:Fitting Model
2021-07-09 19:07:02,247:INFO:Scoring test/hold-out set
2021-07-09 19:07:02,601:INFO:Visual Rendered Successfully
2021-07-09 19:07:02,716:INFO:plot_model() succesfully completed......................................
